<?xml version="1.0" encoding="UTF-8"?>
<coverage generated="1532729461480" clover="3.2.0">
  <project timestamp="1532729461481" name="All files">
    <metrics statements="174" coveredstatements="170" conditionals="78" coveredconditionals="75" methods="45" coveredmethods="43" elements="297" coveredelements="288" complexity="0" loc="174" ncloc="174" packages="8" files="15" classes="15">
      <package name="app">
        <metrics statements="9" coveredstatements="9" conditionals="0" coveredconditionals="0" methods="0" coveredmethods="0"/>
        <file name="Projects.ts" path="C:\Users\Jakub\DurasME\app\Projects.ts">
          <metrics statements="2" coveredstatements="2" conditionals="0" coveredconditionals="0" methods="0" coveredmethods="0"/>
          <line num="1" count="3" type="stmt"/>
          <line num="24" count="3" type="stmt"/>
        </file>
        <file name="app.tsx" path="C:\Users\Jakub\DurasME\app\app.tsx">
          <metrics statements="7" coveredstatements="7" conditionals="0" coveredconditionals="0" methods="0" coveredmethods="0"/>
          <line num="1" count="1" type="stmt"/>
          <line num="2" count="1" type="stmt"/>
          <line num="4" count="1" type="stmt"/>
          <line num="5" count="1" type="stmt"/>
          <line num="7" count="1" type="stmt"/>
          <line num="9" count="1" type="stmt"/>
          <line num="11" count="1" type="stmt"/>
        </file>
      </package>
      <package name="app.Detail">
        <metrics statements="33" coveredstatements="32" conditionals="16" coveredconditionals="15" methods="11" coveredmethods="10"/>
        <file name="Detail.tsx" path="C:\Users\Jakub\DurasME\app\Detail\Detail.tsx">
          <metrics statements="31" coveredstatements="30" conditionals="16" coveredconditionals="15" methods="11" coveredmethods="10"/>
          <line num="1" count="3" type="stmt"/>
          <line num="2" count="3" type="stmt"/>
          <line num="4" count="3" type="stmt"/>
          <line num="13" count="3" type="stmt"/>
          <line num="18" count="8" type="cond" truecount="2" falsecount="0"/>
          <line num="20" count="8" type="stmt"/>
          <line num="22" count="8" type="stmt"/>
          <line num="25" count="3" type="stmt"/>
          <line num="26" count="8" type="stmt"/>
          <line num="28" count="8" type="stmt"/>
          <line num="32" count="0" type="stmt"/>
          <line num="39" count="3" type="stmt"/>
          <line num="45" count="2" type="stmt"/>
          <line num="46" count="2" type="stmt"/>
          <line num="49" count="3" type="stmt"/>
          <line num="50" count="3" type="cond" truecount="2" falsecount="0"/>
          <line num="53" count="3" type="stmt"/>
          <line num="54" count="11" type="stmt"/>
          <line num="55" count="11" type="stmt"/>
          <line num="57" count="30" type="stmt"/>
          <line num="60" count="11" type="stmt"/>
          <line num="63" count="11" type="stmt"/>
          <line num="68" count="11" type="stmt"/>
          <line num="69" count="11" type="stmt"/>
          <line num="71" count="20" type="stmt"/>
          <line num="78" count="11" type="stmt"/>
          <line num="85" count="11" type="stmt"/>
          <line num="118" count="3" type="stmt"/>
          <line num="119" count="3" type="stmt"/>
          <line num="121" count="3" type="stmt"/>
          <line num="123" count="3" type="stmt"/>
        </file>
        <file name="index.ts" path="C:\Users\Jakub\DurasME\app\Detail\index.ts">
          <metrics statements="2" coveredstatements="2" conditionals="0" coveredconditionals="0" methods="0" coveredmethods="0"/>
          <line num="1" count="3" type="stmt"/>
          <line num="3" count="3" type="stmt"/>
        </file>
      </package>
      <package name="app.Footer">
        <metrics statements="9" coveredstatements="9" conditionals="2" coveredconditionals="2" methods="3" coveredmethods="3"/>
        <file name="Footer.tsx" path="C:\Users\Jakub\DurasME\app\Footer\Footer.tsx">
          <metrics statements="7" coveredstatements="7" conditionals="2" coveredconditionals="2" methods="3" coveredmethods="3"/>
          <line num="1" count="3" type="stmt"/>
          <line num="3" count="3" type="stmt"/>
          <line num="8" count="3" type="stmt"/>
          <line num="9" count="4" type="stmt"/>
          <line num="10" count="4" type="stmt"/>
          <line num="12" count="4" type="stmt"/>
          <line num="43" count="3" type="stmt"/>
        </file>
        <file name="index.ts" path="C:\Users\Jakub\DurasME\app\Footer\index.ts">
          <metrics statements="2" coveredstatements="2" conditionals="0" coveredconditionals="0" methods="0" coveredmethods="0"/>
          <line num="1" count="3" type="stmt"/>
          <line num="3" count="3" type="stmt"/>
        </file>
      </package>
      <package name="app.Intro">
        <metrics statements="8" coveredstatements="8" conditionals="2" coveredconditionals="2" methods="3" coveredmethods="3"/>
        <file name="Intro.tsx" path="C:\Users\Jakub\DurasME\app\Intro\Intro.tsx">
          <metrics statements="6" coveredstatements="6" conditionals="2" coveredconditionals="2" methods="3" coveredmethods="3"/>
          <line num="1" count="3" type="stmt"/>
          <line num="3" count="3" type="stmt"/>
          <line num="5" count="3" type="stmt"/>
          <line num="10" count="3" type="stmt"/>
          <line num="11" count="2" type="stmt"/>
          <line num="21" count="3" type="stmt"/>
        </file>
        <file name="index.ts" path="C:\Users\Jakub\DurasME\app\Intro\index.ts">
          <metrics statements="2" coveredstatements="2" conditionals="0" coveredconditionals="0" methods="0" coveredmethods="0"/>
          <line num="1" count="3" type="stmt"/>
          <line num="3" count="3" type="stmt"/>
        </file>
      </package>
      <package name="app.List">
        <metrics statements="20" coveredstatements="20" conditionals="14" coveredconditionals="14" methods="7" coveredmethods="7"/>
        <file name="List.tsx" path="C:\Users\Jakub\DurasME\app\List\List.tsx">
          <metrics statements="18" coveredstatements="18" conditionals="14" coveredconditionals="14" methods="7" coveredmethods="7"/>
          <line num="1" count="3" type="stmt"/>
          <line num="4" count="3" type="stmt"/>
          <line num="6" count="3" type="stmt"/>
          <line num="18" count="7" type="stmt"/>
          <line num="19" count="7" type="stmt"/>
          <line num="20" count="28" type="cond" truecount="3" falsecount="0"/>
          <line num="24" count="7" type="stmt"/>
          <line num="25" count="28" type="cond" truecount="3" falsecount="0"/>
          <line num="30" count="7" type="cond" truecount="2" falsecount="0"/>
          <line num="32" count="7" type="cond" truecount="2" falsecount="0"/>
          <line num="34" count="7" type="stmt"/>
          <line num="59" count="3" type="stmt"/>
          <line num="60" count="22" type="cond" truecount="2" falsecount="0"/>
          <line num="61" count="22" type="stmt"/>
          <line num="63" count="22" type="stmt"/>
          <line num="81" count="3" type="stmt"/>
          <line num="82" count="2" type="stmt"/>
          <line num="84" count="3" type="stmt"/>
        </file>
        <file name="index.ts" path="C:\Users\Jakub\DurasME\app\List\index.ts">
          <metrics statements="2" coveredstatements="2" conditionals="0" coveredconditionals="0" methods="0" coveredmethods="0"/>
          <line num="1" count="3" type="stmt"/>
          <line num="3" count="3" type="stmt"/>
        </file>
      </package>
      <package name="app.Me">
        <metrics statements="55" coveredstatements="52" conditionals="26" coveredconditionals="24" methods="15" coveredmethods="14"/>
        <file name="Me.tsx" path="C:\Users\Jakub\DurasME\app\Me\Me.tsx">
          <metrics statements="53" coveredstatements="50" conditionals="26" coveredconditionals="24" methods="15" coveredmethods="14"/>
          <line num="1" count="2" type="stmt"/>
          <line num="3" count="2" type="stmt"/>
          <line num="4" count="2" type="stmt"/>
          <line num="5" count="2" type="stmt"/>
          <line num="6" count="2" type="stmt"/>
          <line num="8" count="2" type="stmt"/>
          <line num="17" count="2" type="stmt"/>
          <line num="25" count="6" type="cond" truecount="2" falsecount="0"/>
          <line num="27" count="6" type="stmt"/>
          <line num="28" count="6" type="stmt"/>
          <line num="29" count="6" type="stmt"/>
          <line num="30" count="6" type="stmt"/>
          <line num="31" count="6" type="stmt"/>
          <line num="33" count="6" type="stmt"/>
          <line num="36" count="2" type="stmt"/>
          <line num="37" count="6" type="stmt"/>
          <line num="40" count="2" type="stmt"/>
          <line num="41" count="1" type="stmt"/>
          <line num="44" count="2" type="stmt"/>
          <line num="45" count="1" type="cond" truecount="2" falsecount="0"/>
          <line num="48" count="2" type="stmt"/>
          <line num="49" count="7" type="stmt"/>
          <line num="65" count="7" type="stmt"/>
          <line num="76" count="10" type="cond" truecount="2" falsecount="0"/>
          <line num="77" count="8" type="stmt"/>
          <line num="79" count="8" type="cond" truecount="2" falsecount="0"/>
          <line num="80" count="13" type="stmt"/>
          <line num="82" count="7" type="cond" truecount="2" falsecount="0"/>
          <line num="83" count="2" type="stmt"/>
          <line num="84" count="2" type="stmt"/>
          <line num="88" count="8" type="cond" truecount="2" falsecount="0"/>
          <line num="89" count="6" type="stmt"/>
          <line num="96" count="2" type="cond" truecount="2" falsecount="0"/>
          <line num="97" count="1" type="stmt"/>
          <line num="106" count="2" type="stmt"/>
          <line num="107" count="8" type="stmt"/>
          <line num="109" count="8" type="cond" truecount="2" falsecount="0"/>
          <line num="112" count="4" type="stmt"/>
          <line num="113" count="4" type="stmt"/>
          <line num="116" count="2" type="stmt"/>
          <line num="117" count="0" type="cond" truecount="0" falsecount="2"/>
          <line num="118" count="0" type="stmt"/>
          <line num="122" count="0" type="stmt"/>
          <line num="128" count="2" type="stmt"/>
          <line num="129" count="1" type="stmt"/>
          <line num="131" count="1" type="stmt"/>
          <line num="136" count="1" type="stmt"/>
          <line num="139" count="2" type="stmt"/>
          <line num="140" count="2" type="cond" truecount="2" falsecount="0"/>
          <line num="141" count="1" type="stmt"/>
          <line num="143" count="1" type="stmt"/>
          <line num="144" count="1" type="stmt"/>
          <line num="147" count="2" type="stmt"/>
        </file>
        <file name="index.ts" path="C:\Users\Jakub\DurasME\app\Me\index.ts">
          <metrics statements="2" coveredstatements="2" conditionals="0" coveredconditionals="0" methods="0" coveredmethods="0"/>
          <line num="1" count="2" type="stmt"/>
          <line num="3" count="2" type="stmt"/>
        </file>
      </package>
      <package name="app.Tile">
        <metrics statements="38" coveredstatements="38" conditionals="18" coveredconditionals="18" methods="6" coveredmethods="6"/>
        <file name="Tile.tsx" path="C:\Users\Jakub\DurasME\app\Tile\Tile.tsx">
          <metrics statements="36" coveredstatements="36" conditionals="18" coveredconditionals="18" methods="6" coveredmethods="6"/>
          <line num="1" count="4" type="stmt"/>
          <line num="14" count="4" type="stmt"/>
          <line num="21" count="13" type="cond" truecount="2" falsecount="0"/>
          <line num="23" count="13" type="stmt"/>
          <line num="26" count="13" type="stmt"/>
          <line num="27" count="13" type="stmt"/>
          <line num="30" count="4" type="stmt"/>
          <line num="31" count="6" type="cond" truecount="2" falsecount="0"/>
          <line num="34" count="4" type="stmt"/>
          <line num="35" count="19" type="stmt"/>
          <line num="36" count="19" type="cond" truecount="2" falsecount="0"/>
          <line num="37" count="19" type="cond" truecount="2" falsecount="0"/>
          <line num="38" count="19" type="cond" truecount="2" falsecount="0"/>
          <line num="39" count="19" type="stmt"/>
          <line num="42" count="19" type="cond" truecount="2" falsecount="0"/>
          <line num="43" count="13" type="stmt"/>
          <line num="44" count="13" type="stmt"/>
          <line num="47" count="13" type="stmt"/>
          <line num="52" count="19" type="cond" truecount="2" falsecount="0"/>
          <line num="53" count="6" type="stmt"/>
          <line num="54" count="6" type="stmt"/>
          <line num="55" count="6" type="stmt"/>
          <line num="62" count="6" type="cond" truecount="2" falsecount="0"/>
          <line num="63" count="3" type="stmt"/>
          <line num="64" count="3" type="stmt"/>
          <line num="65" count="3" type="stmt"/>
          <line num="66" count="3" type="stmt"/>
          <line num="67" count="3" type="stmt"/>
          <line num="71" count="19" type="cond" truecount="2" falsecount="0"/>
          <line num="73" count="19" type="stmt"/>
          <line num="88" count="4" type="stmt"/>
          <line num="89" count="3" type="stmt"/>
          <line num="91" count="3" type="stmt"/>
          <line num="93" count="3" type="stmt"/>
          <line num="95" count="3" type="stmt"/>
          <line num="97" count="4" type="stmt"/>
        </file>
        <file name="index.ts" path="C:\Users\Jakub\DurasME\app\Tile\index.ts">
          <metrics statements="2" coveredstatements="2" conditionals="0" coveredconditionals="0" methods="0" coveredmethods="0"/>
          <line num="1" count="4" type="stmt"/>
          <line num="3" count="4" type="stmt"/>
        </file>
      </package>
      <package name="testing">
        <metrics statements="2" coveredstatements="2" conditionals="0" coveredconditionals="0" methods="0" coveredmethods="0"/>
        <file name="mockProjects.ts" path="C:\Users\Jakub\DurasME\testing\mockProjects.ts">
          <metrics statements="2" coveredstatements="2" conditionals="0" coveredconditionals="0" methods="0" coveredmethods="0"/>
          <line num="1" count="5" type="stmt"/>
          <line num="56" count="5" type="stmt"/>
        </file>
      </package>
    </metrics>
  </project>
</coverage>
