{"C:\\Users\\Jakub\\DurasME\\app\\Projects.ts": {"path":"C:\\Users\\Jakub\\DurasME\\app\\Projects.ts","statementMap":{"0":{"start":{"line":1,"column":0},"end":{"line":1,"column":37}},"1":{"start":{"line":24,"column":13},"end":{"line":24,"column":45}}},"fnMap":{},"branchMap":{},"s":{"0":3,"1":3},"f":{},"b":{}}
,"C:\\Users\\Jakub\\DurasME\\app\\app.tsx": {"path":"C:\\Users\\Jakub\\DurasME\\app\\app.tsx","statementMap":{"0":{"start":{"line":1,"column":0},"end":{"line":1,"column":27}},"1":{"start":{"line":2,"column":0},"end":{"line":2,"column":29}},"2":{"start":{"line":4,"column":0},"end":{"line":4,"column":25}},"3":{"start":{"line":5,"column":0},"end":{"line":5,"column":32}},"4":{"start":{"line":7,"column":0},"end":{"line":7,"column":21}},"5":{"start":{"line":9,"column":15},"end":{"line":9,"column":45}},"6":{"start":{"line":11,"column":0},"end":{"line":14,"column":2}}},"fnMap":{},"branchMap":{},"s":{"0":1,"1":1,"2":1,"3":1,"4":1,"5":1,"6":1},"f":{},"b":{}}
,"C:\\Users\\Jakub\\DurasME\\app\\Detail\\Detail.tsx": {"path":"C:\\Users\\Jakub\\DurasME\\app\\Detail\\Detail.tsx","statementMap":{"0":{"start":{"line":1,"column":0},"end":{"line":1,"column":51}},"1":{"start":{"line":2,"column":0},"end":{"line":2,"column":80}},"2":{"start":{"line":4,"column":0},"end":{"line":4,"column":48}},"3":{"start":{"line":13,"column":0},"end":{"line":13,"column":45}},"4":{"start":{"line":13,"column":36},"end":{"line":13,"column":75}},"5":{"start":{"line":18,"column":8},"end":{"line":18,"column":20}},"6":{"start":{"line":20,"column":8},"end":{"line":20,"column":40}},"7":{"start":{"line":22,"column":8},"end":{"line":22,"column":51}},"8":{"start":{"line":25,"column":11},"end":{"line":37,"column":5}},"9":{"start":{"line":26,"column":8},"end":{"line":26,"column":30}},"10":{"start":{"line":28,"column":8},"end":{"line":36,"column":10}},"11":{"start":{"line":32,"column":38},"end":{"line":34,"column":17}},"12":{"start":{"line":39,"column":11},"end":{"line":47,"column":5}},"13":{"start":{"line":45,"column":8},"end":{"line":45,"column":31}},"14":{"start":{"line":46,"column":8},"end":{"line":46,"column":73}},"15":{"start":{"line":46,"column":57},"end":{"line":46,"column":71}},"16":{"start":{"line":49,"column":11},"end":{"line":51,"column":5}},"17":{"start":{"line":50,"column":8},"end":{"line":50,"column":68}},"18":{"start":{"line":53,"column":11},"end":{"line":116,"column":5}},"19":{"start":{"line":54,"column":30},"end":{"line":54,"column":78}},"20":{"start":{"line":55,"column":27},"end":{"line":59,"column":21}},"21":{"start":{"line":57,"column":27},"end":{"line":57,"column":77}},"22":{"start":{"line":60,"column":23},"end":{"line":62,"column":21}},"23":{"start":{"line":63,"column":23},"end":{"line":67,"column":21}},"24":{"start":{"line":68,"column":23},"end":{"line":68,"column":48}},"25":{"start":{"line":69,"column":24},"end":{"line":77,"column":21}},"26":{"start":{"line":71,"column":27},"end":{"line":75,"column":17}},"27":{"start":{"line":78,"column":21},"end":{"line":83,"column":21}},"28":{"start":{"line":85,"column":8},"end":{"line":115,"column":10}},"29":{"start":{"line":118,"column":12},"end":{"line":122,"column":5}},"30":{"start":{"line":119,"column":8},"end":{"line":119,"column":41}},"31":{"start":{"line":121,"column":8},"end":{"line":121,"column":44}},"32":{"start":{"line":123,"column":0},"end":{"line":123,"column":1}}},"fnMap":{"0":{"name":"(anonymous_7)","decl":{"start":{"line":13,"column":0},"end":{"line":null,"column":-1}},"loc":{"start":{"line":13,"column":0},"end":{"line":13,"column":-1}}},"1":{"name":"Detail","decl":{"start":{"line":17,"column":4},"end":{"line":17,"column":15}},"loc":{"start":{"line":17,"column":29},"end":{"line":23,"column":5}}},"2":{"name":"(anonymous_9)","decl":{"start":{"line":25,"column":4},"end":{"line":null,"column":-1}},"loc":{"start":{"line":25,"column":4},"end":{"line":37,"column":5}}},"3":{"name":"(anonymous_10)","decl":{"start":{"line":32,"column":25},"end":{"line":32,"column":25}},"loc":{"start":{"line":32,"column":33},"end":{"line":34,"column":17}}},"4":{"name":"(anonymous_11)","decl":{"start":{"line":39,"column":4},"end":{"line":null,"column":-1}},"loc":{"start":{"line":39,"column":4},"end":{"line":47,"column":5}}},"5":{"name":"(anonymous_12)","decl":{"start":{"line":46,"column":47},"end":{"line":46,"column":47}},"loc":{"start":{"line":46,"column":52},"end":{"line":46,"column":71}}},"6":{"name":"(anonymous_13)","decl":{"start":{"line":49,"column":4},"end":{"line":49,"column":32}},"loc":{"start":{"line":49,"column":53},"end":{"line":51,"column":5}}},"7":{"name":"(anonymous_14)","decl":{"start":{"line":53,"column":4},"end":{"line":null,"column":-1}},"loc":{"start":{"line":53,"column":4},"end":{"line":116,"column":5}}},"8":{"name":"(anonymous_15)","decl":{"start":{"line":57,"column":16},"end":{"line":57,"column":16}},"loc":{"start":{"line":57,"column":22},"end":{"line":57,"column":77}}},"9":{"name":"(anonymous_16)","decl":{"start":{"line":71,"column":16},"end":{"line":71,"column":16}},"loc":{"start":{"line":71,"column":22},"end":{"line":75,"column":17}}},"10":{"name":"(anonymous_17)","decl":{"start":{"line":118,"column":4},"end":{"line":null,"column":-1}},"loc":{"start":{"line":118,"column":4},"end":{"line":122,"column":5}}}},"branchMap":{"0":{"loc":{"start":{"line":18,"column":8},"end":{"line":18,"column":20}},"type":"binary-expr","locations":[{"start":{"line":18,"column":8},"end":{"line":18,"column":20}},{"start":{"line":18,"column":20},"end":{"line":23,"column":4}}]},"1":{"loc":{"start":{"line":50,"column":15},"end":{"line":50,"column":39}},"type":"binary-expr","locations":[{"start":{"line":50,"column":15},"end":{"line":50,"column":39}},{"start":{"line":50,"column":43},"end":{"line":50,"column":67}}]},"2":{"loc":{"start":{"line":56,"column":12},"end":{"line":58,"column":13}},"type":"cond-expr","locations":[{"start":{"line":56,"column":12},"end":{"line":58,"column":13}},{"start":{"line":59,"column":12},"end":{"line":59,"column":21}}]},"3":{"loc":{"start":{"line":61,"column":12},"end":{"line":61,"column":69}},"type":"cond-expr","locations":[{"start":{"line":61,"column":12},"end":{"line":61,"column":69}},{"start":{"line":62,"column":12},"end":{"line":62,"column":21}}]},"4":{"loc":{"start":{"line":64,"column":12},"end":{"line":66,"column":18}},"type":"cond-expr","locations":[{"start":{"line":64,"column":12},"end":{"line":66,"column":18}},{"start":{"line":67,"column":12},"end":{"line":67,"column":21}}]},"5":{"loc":{"start":{"line":70,"column":12},"end":{"line":76,"column":13}},"type":"cond-expr","locations":[{"start":{"line":70,"column":12},"end":{"line":76,"column":13}},{"start":{"line":77,"column":12},"end":{"line":77,"column":21}}]},"6":{"loc":{"start":{"line":79,"column":12},"end":{"line":82,"column":47}},"type":"cond-expr","locations":[{"start":{"line":79,"column":12},"end":{"line":82,"column":47}},{"start":{"line":83,"column":12},"end":{"line":83,"column":21}}]},"7":{"loc":{"start":{"line":86,"column":61},"end":{"line":86,"column":71}},"type":"cond-expr","locations":[{"start":{"line":86,"column":61},"end":{"line":86,"column":71}},{"start":{"line":86,"column":74},"end":{"line":86,"column":76}}]}},"s":{"0":3,"1":3,"2":3,"3":3,"4":3,"5":8,"6":8,"7":8,"8":3,"9":8,"10":8,"11":0,"12":3,"13":2,"14":2,"15":2,"16":3,"17":3,"18":3,"19":11,"20":11,"21":30,"22":11,"23":11,"24":11,"25":11,"26":20,"27":11,"28":11,"29":3,"30":3,"31":3,"32":3},"f":{"0":3,"1":8,"2":8,"3":0,"4":2,"5":2,"6":3,"7":11,"8":30,"9":20,"10":3},"b":{"0":[8,8],"1":[3,3],"2":[10,1],"3":[10,1],"4":[10,1],"5":[10,1],"6":[11,0],"7":[3,8]}}
,"C:\\Users\\Jakub\\DurasME\\app\\Detail\\index.ts": {"path":"C:\\Users\\Jakub\\DurasME\\app\\Detail\\index.ts","statementMap":{"0":{"start":{"line":1,"column":0},"end":{"line":1,"column":29}},"1":{"start":{"line":3,"column":0},"end":{"line":3,"column":22}}},"fnMap":{},"branchMap":{},"s":{"0":3,"1":3},"f":{},"b":{}}
,"C:\\Users\\Jakub\\DurasME\\app\\Footer\\Footer.tsx": {"path":"C:\\Users\\Jakub\\DurasME\\app\\Footer\\Footer.tsx","statementMap":{"0":{"start":{"line":1,"column":0},"end":{"line":1,"column":58}},"1":{"start":{"line":3,"column":0},"end":{"line":3,"column":49}},"2":{"start":{"line":3,"column":36},"end":{"line":3,"column":57}},"3":{"start":{"line":8,"column":11},"end":{"line":42,"column":5}},"4":{"start":{"line":9,"column":22},"end":{"line":9,"column":50}},"5":{"start":{"line":10,"column":29},"end":{"line":10,"column":61}},"6":{"start":{"line":12,"column":8},"end":{"line":41,"column":10}},"7":{"start":{"line":43,"column":0},"end":{"line":43,"column":1}}},"fnMap":{"0":{"name":"(anonymous_6)","decl":{"start":{"line":3,"column":0},"end":{"line":null,"column":-1}},"loc":{"start":{"line":3,"column":0},"end":{"line":3,"column":-1}}},"1":{"name":"Footer","decl":{"start":{"line":4,"column":4},"end":{"line":4,"column":15}},"loc":{"start":{"line":4,"column":25},"end":{"line":6,"column":5}}},"2":{"name":"(anonymous_8)","decl":{"start":{"line":8,"column":4},"end":{"line":null,"column":-1}},"loc":{"start":{"line":8,"column":4},"end":{"line":42,"column":5}}}},"branchMap":{"0":{"loc":{"start":{"line":5,"column":8},"end":{"line":5,"column":20}},"type":"binary-expr","locations":[{"start":{"line":5,"column":8},"end":{"line":5,"column":20}},{"start":{"line":5,"column":20},"end":{"line":null,"column":-1}}]}},"s":{"0":3,"1":3,"2":3,"3":3,"4":4,"5":4,"6":4,"7":3},"f":{"0":3,"1":4,"2":4},"b":{"0":[4,4]}}
,"C:\\Users\\Jakub\\DurasME\\app\\Footer\\index.ts": {"path":"C:\\Users\\Jakub\\DurasME\\app\\Footer\\index.ts","statementMap":{"0":{"start":{"line":1,"column":0},"end":{"line":1,"column":29}},"1":{"start":{"line":3,"column":0},"end":{"line":3,"column":22}}},"fnMap":{},"branchMap":{},"s":{"0":3,"1":3},"f":{},"b":{}}
,"C:\\Users\\Jakub\\DurasME\\app\\Intro\\Intro.tsx": {"path":"C:\\Users\\Jakub\\DurasME\\app\\Intro\\Intro.tsx","statementMap":{"0":{"start":{"line":1,"column":0},"end":{"line":1,"column":58}},"1":{"start":{"line":3,"column":0},"end":{"line":3,"column":48}},"2":{"start":{"line":5,"column":0},"end":{"line":5,"column":48}},"3":{"start":{"line":5,"column":35},"end":{"line":5,"column":56}},"4":{"start":{"line":10,"column":11},"end":{"line":20,"column":5}},"5":{"start":{"line":11,"column":8},"end":{"line":19,"column":10}},"6":{"start":{"line":21,"column":0},"end":{"line":21,"column":1}}},"fnMap":{"0":{"name":"(anonymous_7)","decl":{"start":{"line":5,"column":0},"end":{"line":null,"column":-1}},"loc":{"start":{"line":5,"column":0},"end":{"line":5,"column":-1}}},"1":{"name":"Intro","decl":{"start":{"line":6,"column":4},"end":{"line":6,"column":15}},"loc":{"start":{"line":6,"column":25},"end":{"line":8,"column":5}}},"2":{"name":"(anonymous_9)","decl":{"start":{"line":10,"column":4},"end":{"line":null,"column":-1}},"loc":{"start":{"line":10,"column":4},"end":{"line":20,"column":5}}}},"branchMap":{"0":{"loc":{"start":{"line":7,"column":8},"end":{"line":7,"column":20}},"type":"binary-expr","locations":[{"start":{"line":7,"column":8},"end":{"line":7,"column":20}},{"start":{"line":7,"column":20},"end":{"line":null,"column":-1}}]}},"s":{"0":3,"1":3,"2":3,"3":3,"4":3,"5":2,"6":3},"f":{"0":3,"1":2,"2":2},"b":{"0":[2,2]}}
,"C:\\Users\\Jakub\\DurasME\\app\\Intro\\index.ts": {"path":"C:\\Users\\Jakub\\DurasME\\app\\Intro\\index.ts","statementMap":{"0":{"start":{"line":1,"column":0},"end":{"line":1,"column":27}},"1":{"start":{"line":3,"column":0},"end":{"line":3,"column":21}}},"fnMap":{},"branchMap":{},"s":{"0":3,"1":3},"f":{},"b":{}}
,"C:\\Users\\Jakub\\DurasME\\app\\List\\List.tsx": {"path":"C:\\Users\\Jakub\\DurasME\\app\\List\\List.tsx","statementMap":{"0":{"start":{"line":1,"column":0},"end":{"line":1,"column":70}},"1":{"start":{"line":4,"column":0},"end":{"line":4,"column":26}},"2":{"start":{"line":6,"column":0},"end":{"line":6,"column":47}},"3":{"start":{"line":6,"column":34},"end":{"line":13,"column":6}},"4":{"start":{"line":18,"column":11},"end":{"line":57,"column":5}},"5":{"start":{"line":18,"column":4},"end":{"line":57,"column":4}},"6":{"start":{"line":19,"column":32},"end":{"line":22,"column":44}},"7":{"start":{"line":20,"column":33},"end":{"line":21,"column":72}},"8":{"start":{"line":24,"column":35},"end":{"line":27,"column":44}},"9":{"start":{"line":25,"column":33},"end":{"line":26,"column":75}},"10":{"start":{"line":30,"column":12},"end":{"line":30,"column":68}},"11":{"start":{"line":32,"column":12},"end":{"line":32,"column":71}},"12":{"start":{"line":34,"column":8},"end":{"line":56,"column":10}},"13":{"start":{"line":59,"column":12},"end":{"line":79,"column":5}},"14":{"start":{"line":60,"column":24},"end":{"line":60,"column":61}},"15":{"start":{"line":61,"column":30},"end":{"line":61,"column":69}},"16":{"start":{"line":63,"column":8},"end":{"line":78,"column":10}},"17":{"start":{"line":81,"column":12},"end":{"line":83,"column":5}},"18":{"start":{"line":82,"column":8},"end":{"line":82,"column":37}},"19":{"start":{"line":84,"column":0},"end":{"line":84,"column":1}}},"fnMap":{"0":{"name":"(anonymous_7)","decl":{"start":{"line":6,"column":0},"end":{"line":null,"column":-1}},"loc":{"start":{"line":6,"column":0},"end":{"line":6,"column":-1}}},"1":{"name":"List","decl":{"start":{"line":14,"column":4},"end":{"line":14,"column":15}},"loc":{"start":{"line":14,"column":21},"end":{"line":16,"column":5}}},"2":{"name":"(anonymous_9)","decl":{"start":{"line":18,"column":4},"end":{"line":null,"column":-1}},"loc":{"start":{"line":18,"column":4},"end":{"line":57,"column":5}}},"3":{"name":"(anonymous_10)","decl":{"start":{"line":20,"column":20},"end":{"line":20,"column":20}},"loc":{"start":{"line":20,"column":28},"end":{"line":21,"column":72}}},"4":{"name":"(anonymous_11)","decl":{"start":{"line":25,"column":20},"end":{"line":25,"column":20}},"loc":{"start":{"line":25,"column":28},"end":{"line":26,"column":75}}},"5":{"name":"(anonymous_12)","decl":{"start":{"line":59,"column":4},"end":{"line":59,"column":22}},"loc":{"start":{"line":59,"column":37},"end":{"line":79,"column":5}}},"6":{"name":"(anonymous_13)","decl":{"start":{"line":81,"column":4},"end":{"line":81,"column":23}},"loc":{"start":{"line":81,"column":41},"end":{"line":83,"column":5}}}},"branchMap":{"0":{"loc":{"start":{"line":15,"column":8},"end":{"line":15,"column":20}},"type":"binary-expr","locations":[{"start":{"line":15,"column":8},"end":{"line":15,"column":20}},{"start":{"line":15,"column":20},"end":{"line":null,"column":-1}}]},"1":{"loc":{"start":{"line":20,"column":33},"end":{"line":20,"column":62}},"type":"binary-expr","locations":[{"start":{"line":20,"column":33},"end":{"line":20,"column":62}},{"start":{"line":21,"column":24},"end":{"line":21,"column":41}},{"start":{"line":21,"column":45},"end":{"line":21,"column":71}}]},"2":{"loc":{"start":{"line":25,"column":33},"end":{"line":25,"column":65}},"type":"binary-expr","locations":[{"start":{"line":25,"column":33},"end":{"line":25,"column":65}},{"start":{"line":26,"column":24},"end":{"line":26,"column":41}},{"start":{"line":26,"column":45},"end":{"line":26,"column":74}}]},"3":{"loc":{"start":{"line":30,"column":41},"end":{"line":30,"column":53}},"type":"cond-expr","locations":[{"start":{"line":30,"column":41},"end":{"line":30,"column":53}},{"start":{"line":30,"column":56},"end":{"line":30,"column":68}}]},"4":{"loc":{"start":{"line":32,"column":44},"end":{"line":32,"column":56}},"type":"cond-expr","locations":[{"start":{"line":32,"column":44},"end":{"line":32,"column":56}},{"start":{"line":32,"column":59},"end":{"line":32,"column":71}}]},"5":{"loc":{"start":{"line":60,"column":34},"end":{"line":60,"column":46}},"type":"binary-expr","locations":[{"start":{"line":60,"column":34},"end":{"line":60,"column":46}},{"start":{"line":60,"column":50},"end":{"line":60,"column":59}}]}},"s":{"0":3,"1":3,"2":3,"3":3,"4":3,"5":7,"6":7,"7":28,"8":7,"9":28,"10":7,"11":7,"12":7,"13":3,"14":22,"15":22,"16":22,"17":3,"18":2,"19":3},"f":{"0":3,"1":7,"2":7,"3":28,"4":28,"5":22,"6":2},"b":{"0":[7,7],"1":[28,14,7],"2":[28,14,7],"3":[4,3],"4":[4,3],"5":[22,22]}}
,"C:\\Users\\Jakub\\DurasME\\app\\List\\index.ts": {"path":"C:\\Users\\Jakub\\DurasME\\app\\List\\index.ts","statementMap":{"0":{"start":{"line":1,"column":0},"end":{"line":1,"column":25}},"1":{"start":{"line":3,"column":0},"end":{"line":3,"column":20}}},"fnMap":{},"branchMap":{},"s":{"0":3,"1":3},"f":{},"b":{}}
,"C:\\Users\\Jakub\\DurasME\\app\\Me\\Me.tsx": {"path":"C:\\Users\\Jakub\\DurasME\\app\\Me\\Me.tsx","statementMap":{"0":{"start":{"line":1,"column":0},"end":{"line":1,"column":54}},"1":{"start":{"line":3,"column":0},"end":{"line":3,"column":30}},"2":{"start":{"line":4,"column":0},"end":{"line":4,"column":30}},"3":{"start":{"line":5,"column":0},"end":{"line":5,"column":28}},"4":{"start":{"line":6,"column":0},"end":{"line":6,"column":26}},"5":{"start":{"line":8,"column":0},"end":{"line":8,"column":38}},"6":{"start":{"line":17,"column":0},"end":{"line":17,"column":41}},"7":{"start":{"line":17,"column":32},"end":{"line":17,"column":53}},"8":{"start":{"line":25,"column":8},"end":{"line":25,"column":20}},"9":{"start":{"line":27,"column":8},"end":{"line":27,"column":77}},"10":{"start":{"line":28,"column":8},"end":{"line":28,"column":81}},"11":{"start":{"line":29,"column":8},"end":{"line":29,"column":53}},"12":{"start":{"line":30,"column":8},"end":{"line":30,"column":57}},"13":{"start":{"line":31,"column":8},"end":{"line":31,"column":57}},"14":{"start":{"line":33,"column":8},"end":{"line":33,"column":27}},"15":{"start":{"line":36,"column":11},"end":{"line":38,"column":5}},"16":{"start":{"line":37,"column":8},"end":{"line":37,"column":64}},"17":{"start":{"line":40,"column":11},"end":{"line":42,"column":5}},"18":{"start":{"line":41,"column":8},"end":{"line":41,"column":67}},"19":{"start":{"line":44,"column":11},"end":{"line":46,"column":5}},"20":{"start":{"line":45,"column":8},"end":{"line":45,"column":68}},"21":{"start":{"line":48,"column":11},"end":{"line":74,"column":5}},"22":{"start":{"line":49,"column":28},"end":{"line":63,"column":9}},"23":{"start":{"line":65,"column":8},"end":{"line":73,"column":10}},"24":{"start":{"line":76,"column":12},"end":{"line":104,"column":5}},"25":{"start":{"line":76,"column":20},"end":{"line":76,"column":35}},"26":{"start":{"line":77,"column":23},"end":{"line":77,"column":52}},"27":{"start":{"line":79,"column":8},"end":{"line":86,"column":9}},"28":{"start":{"line":80,"column":34},"end":{"line":80,"column":85}},"29":{"start":{"line":80,"column":61},"end":{"line":80,"column":84}},"30":{"start":{"line":82,"column":12},"end":{"line":85,"column":13}},"31":{"start":{"line":83,"column":16},"end":{"line":83,"column":45}},"32":{"start":{"line":84,"column":16},"end":{"line":84,"column":37}},"33":{"start":{"line":88,"column":8},"end":{"line":103,"column":9}},"34":{"start":{"line":89,"column":12},"end":{"line":94,"column":14}},"35":{"start":{"line":96,"column":12},"end":{"line":102,"column":13}},"36":{"start":{"line":97,"column":16},"end":{"line":101,"column":19}},"37":{"start":{"line":106,"column":12},"end":{"line":110,"column":5}},"38":{"start":{"line":107,"column":26},"end":{"line":107,"column":53}},"39":{"start":{"line":109,"column":8},"end":{"line":109,"column":62}},"40":{"start":{"line":112,"column":12},"end":{"line":114,"column":5}},"41":{"start":{"line":112,"column":4},"end":{"line":114,"column":4}},"42":{"start":{"line":113,"column":8},"end":{"line":113,"column":76}},"43":{"start":{"line":113,"column":42},"end":{"line":113,"column":74}},"44":{"start":{"line":116,"column":12},"end":{"line":126,"column":5}},"45":{"start":{"line":117,"column":8},"end":{"line":125,"column":9}},"46":{"start":{"line":118,"column":12},"end":{"line":120,"column":14}},"47":{"start":{"line":122,"column":12},"end":{"line":124,"column":14}},"48":{"start":{"line":128,"column":12},"end":{"line":137,"column":5}},"49":{"start":{"line":129,"column":30},"end":{"line":129,"column":82}},"50":{"start":{"line":129,"column":57},"end":{"line":129,"column":81}},"51":{"start":{"line":131,"column":8},"end":{"line":135,"column":10}},"52":{"start":{"line":136,"column":8},"end":{"line":136,"column":23}},"53":{"start":{"line":139,"column":12},"end":{"line":146,"column":5}},"54":{"start":{"line":140,"column":8},"end":{"line":145,"column":9}},"55":{"start":{"line":141,"column":12},"end":{"line":141,"column":27}},"56":{"start":{"line":143,"column":12},"end":{"line":143,"column":43}},"57":{"start":{"line":144,"column":12},"end":{"line":144,"column":27}},"58":{"start":{"line":147,"column":0},"end":{"line":147,"column":1}}},"fnMap":{"0":{"name":"(anonymous_8)","decl":{"start":{"line":17,"column":0},"end":{"line":null,"column":-1}},"loc":{"start":{"line":17,"column":0},"end":{"line":17,"column":-1}}},"1":{"name":"Me","decl":{"start":{"line":24,"column":4},"end":{"line":24,"column":15}},"loc":{"start":{"line":24,"column":25},"end":{"line":34,"column":5}}},"2":{"name":"(anonymous_10)","decl":{"start":{"line":36,"column":4},"end":{"line":null,"column":-1}},"loc":{"start":{"line":36,"column":4},"end":{"line":38,"column":5}}},"3":{"name":"(anonymous_11)","decl":{"start":{"line":40,"column":4},"end":{"line":null,"column":-1}},"loc":{"start":{"line":40,"column":4},"end":{"line":42,"column":5}}},"4":{"name":"(anonymous_12)","decl":{"start":{"line":44,"column":4},"end":{"line":44,"column":32}},"loc":{"start":{"line":44,"column":53},"end":{"line":46,"column":5}}},"5":{"name":"(anonymous_13)","decl":{"start":{"line":48,"column":4},"end":{"line":null,"column":-1}},"loc":{"start":{"line":48,"column":4},"end":{"line":74,"column":5}}},"6":{"name":"(anonymous_14)","decl":{"start":{"line":76,"column":4},"end":{"line":76,"column":19}},"loc":{"start":{"line":76,"column":35},"end":{"line":104,"column":5}}},"7":{"name":"(anonymous_15)","decl":{"start":{"line":80,"column":48},"end":{"line":80,"column":48}},"loc":{"start":{"line":80,"column":56},"end":{"line":80,"column":84}}},"8":{"name":"(anonymous_16)","decl":{"start":{"line":106,"column":4},"end":{"line":null,"column":-1}},"loc":{"start":{"line":106,"column":4},"end":{"line":110,"column":5}}},"9":{"name":"(anonymous_17)","decl":{"start":{"line":112,"column":4},"end":{"line":null,"column":-1}},"loc":{"start":{"line":112,"column":4},"end":{"line":114,"column":5}}},"10":{"name":"(anonymous_18)","decl":{"start":{"line":113,"column":29},"end":{"line":113,"column":29}},"loc":{"start":{"line":113,"column":37},"end":{"line":113,"column":74}}},"11":{"name":"(anonymous_19)","decl":{"start":{"line":116,"column":4},"end":{"line":116,"column":23}},"loc":{"start":{"line":116,"column":43},"end":{"line":126,"column":5}}},"12":{"name":"(anonymous_20)","decl":{"start":{"line":128,"column":4},"end":{"line":128,"column":23}},"loc":{"start":{"line":128,"column":33},"end":{"line":137,"column":5}}},"13":{"name":"(anonymous_21)","decl":{"start":{"line":129,"column":44},"end":{"line":129,"column":44}},"loc":{"start":{"line":129,"column":52},"end":{"line":129,"column":81}}},"14":{"name":"(anonymous_22)","decl":{"start":{"line":139,"column":4},"end":{"line":null,"column":-1}},"loc":{"start":{"line":139,"column":4},"end":{"line":146,"column":5}}}},"branchMap":{"0":{"loc":{"start":{"line":25,"column":8},"end":{"line":25,"column":20}},"type":"binary-expr","locations":[{"start":{"line":25,"column":8},"end":{"line":25,"column":20}},{"start":{"line":25,"column":20},"end":{"line":34,"column":4}}]},"1":{"loc":{"start":{"line":45,"column":15},"end":{"line":45,"column":39}},"type":"binary-expr","locations":[{"start":{"line":45,"column":15},"end":{"line":45,"column":39}},{"start":{"line":45,"column":43},"end":{"line":45,"column":67}}]},"2":{"loc":{"start":{"line":50,"column":12},"end":{"line":57,"column":14}},"type":"cond-expr","locations":[{"start":{"line":50,"column":12},"end":{"line":57,"column":14}},{"start":{"line":59,"column":12},"end":{"line":62,"column":14}}]},"3":{"loc":{"start":{"line":67,"column":51},"end":{"line":67,"column":60}},"type":"cond-expr","locations":[{"start":{"line":67,"column":51},"end":{"line":67,"column":60}},{"start":{"line":67,"column":63},"end":{"line":67,"column":67}}]},"4":{"loc":{"start":{"line":76,"column":20},"end":{"line":76,"column":35}},"type":"if","locations":[{"start":{"line":76,"column":20},"end":{"line":76,"column":35}},{"start":{"line":76,"column":20},"end":{"line":76,"column":35}}]},"5":{"loc":{"start":{"line":79,"column":8},"end":{"line":86,"column":9}},"type":"if","locations":[{"start":{"line":79,"column":8},"end":{"line":86,"column":9}},{"start":{"line":79,"column":8},"end":{"line":86,"column":9}}]},"6":{"loc":{"start":{"line":82,"column":12},"end":{"line":85,"column":13}},"type":"if","locations":[{"start":{"line":82,"column":12},"end":{"line":85,"column":13}},{"start":{"line":82,"column":12},"end":{"line":85,"column":13}}]},"7":{"loc":{"start":{"line":88,"column":8},"end":{"line":103,"column":9}},"type":"if","locations":[{"start":{"line":88,"column":8},"end":{"line":103,"column":9}},{"start":{"line":88,"column":8},"end":{"line":103,"column":9}}]},"8":{"loc":{"start":{"line":96,"column":12},"end":{"line":102,"column":13}},"type":"if","locations":[{"start":{"line":96,"column":12},"end":{"line":102,"column":13}},{"start":{"line":96,"column":12},"end":{"line":102,"column":13}}]},"9":{"loc":{"start":{"line":100,"column":36},"end":{"line":100,"column":54}},"type":"binary-expr","locations":[{"start":{"line":100,"column":36},"end":{"line":100,"column":54}},{"start":{"line":100,"column":58},"end":{"line":100,"column":80}}]},"10":{"loc":{"start":{"line":109,"column":40},"end":{"line":109,"column":49}},"type":"cond-expr","locations":[{"start":{"line":109,"column":40},"end":{"line":109,"column":49}},{"start":{"line":109,"column":52},"end":{"line":109,"column":61}}]},"11":{"loc":{"start":{"line":117,"column":8},"end":{"line":125,"column":9}},"type":"if","locations":[{"start":{"line":117,"column":8},"end":{"line":125,"column":9}},{"start":{"line":117,"column":8},"end":{"line":125,"column":9}}]},"12":{"loc":{"start":{"line":140,"column":8},"end":{"line":145,"column":9}},"type":"if","locations":[{"start":{"line":140,"column":8},"end":{"line":145,"column":9}},{"start":{"line":140,"column":8},"end":{"line":145,"column":9}}]}},"s":{"0":2,"1":2,"2":2,"3":2,"4":2,"5":2,"6":2,"7":2,"8":6,"9":6,"10":6,"11":6,"12":6,"13":6,"14":6,"15":2,"16":6,"17":2,"18":1,"19":2,"20":1,"21":2,"22":7,"23":7,"24":2,"25":10,"26":8,"27":8,"28":7,"29":13,"30":7,"31":2,"32":2,"33":8,"34":6,"35":2,"36":1,"37":2,"38":8,"39":8,"40":2,"41":4,"42":4,"43":4,"44":2,"45":0,"46":0,"47":0,"48":2,"49":1,"50":1,"51":1,"52":1,"53":2,"54":2,"55":1,"56":1,"57":1,"58":2},"f":{"0":2,"1":6,"2":6,"3":1,"4":1,"5":7,"6":8,"7":13,"8":8,"9":4,"10":4,"11":0,"12":1,"13":1,"14":2},"b":{"0":[6,6],"1":[1,1],"2":[3,4],"3":[3,4],"4":[2,6],"5":[7,1],"6":[2,5],"7":[6,2],"8":[1,1],"9":[1,1],"10":[7,1],"11":[0,0],"12":[1,1]}}
,"C:\\Users\\Jakub\\DurasME\\app\\Me\\index.ts": {"path":"C:\\Users\\Jakub\\DurasME\\app\\Me\\index.ts","statementMap":{"0":{"start":{"line":1,"column":0},"end":{"line":1,"column":21}},"1":{"start":{"line":3,"column":0},"end":{"line":3,"column":18}}},"fnMap":{},"branchMap":{},"s":{"0":2,"1":2},"f":{},"b":{}}
,"C:\\Users\\Jakub\\DurasME\\app\\Tile\\Tile.tsx": {"path":"C:\\Users\\Jakub\\DurasME\\app\\Tile\\Tile.tsx","statementMap":{"0":{"start":{"line":1,"column":0},"end":{"line":1,"column":91}},"1":{"start":{"line":14,"column":0},"end":{"line":14,"column":43}},"2":{"start":{"line":14,"column":34},"end":{"line":16,"column":2}},"3":{"start":{"line":21,"column":8},"end":{"line":21,"column":20}},"4":{"start":{"line":23,"column":8},"end":{"line":25,"column":10}},"5":{"start":{"line":26,"column":8},"end":{"line":26,"column":54}},"6":{"start":{"line":27,"column":8},"end":{"line":27,"column":41}},"7":{"start":{"line":30,"column":11},"end":{"line":32,"column":5}},"8":{"start":{"line":31,"column":8},"end":{"line":31,"column":68}},"9":{"start":{"line":34,"column":11},"end":{"line":86,"column":5}},"10":{"start":{"line":35,"column":30},"end":{"line":35,"column":54}},"11":{"start":{"line":36,"column":30},"end":{"line":36,"column":91}},"12":{"start":{"line":37,"column":30},"end":{"line":37,"column":72}},"13":{"start":{"line":38,"column":30},"end":{"line":38,"column":89}},"14":{"start":{"line":39,"column":30},"end":{"line":39,"column":51}},"15":{"start":{"line":42,"column":8},"end":{"line":48,"column":9}},"16":{"start":{"line":43,"column":12},"end":{"line":43,"column":39}},"17":{"start":{"line":44,"column":26},"end":{"line":46,"column":13}},"18":{"start":{"line":47,"column":12},"end":{"line":47,"column":60}},"19":{"start":{"line":52,"column":8},"end":{"line":69,"column":9}},"20":{"start":{"line":53,"column":27},"end":{"line":53,"column":47}},"21":{"start":{"line":54,"column":37},"end":{"line":54,"column":67}},"22":{"start":{"line":55,"column":12},"end":{"line":60,"column":14}},"23":{"start":{"line":62,"column":12},"end":{"line":68,"column":13}},"24":{"start":{"line":63,"column":31},"end":{"line":63,"column":88}},"25":{"start":{"line":64,"column":31},"end":{"line":64,"column":90}},"26":{"start":{"line":65,"column":35},"end":{"line":65,"column":66}},"27":{"start":{"line":66,"column":35},"end":{"line":66,"column":65}},"28":{"start":{"line":67,"column":16},"end":{"line":67,"column":106}},"29":{"start":{"line":71,"column":12},"end":{"line":71,"column":104}},"30":{"start":{"line":73,"column":8},"end":{"line":85,"column":10}},"31":{"start":{"line":88,"column":12},"end":{"line":96,"column":5}},"32":{"start":{"line":88,"column":4},"end":{"line":96,"column":4}},"33":{"start":{"line":89,"column":8},"end":{"line":89,"column":28}},"34":{"start":{"line":91,"column":8},"end":{"line":91,"column":45}},"35":{"start":{"line":93,"column":8},"end":{"line":93,"column":66}},"36":{"start":{"line":93,"column":25},"end":{"line":93,"column":64}},"37":{"start":{"line":95,"column":8},"end":{"line":95,"column":43}},"38":{"start":{"line":97,"column":0},"end":{"line":97,"column":1}}},"fnMap":{"0":{"name":"(anonymous_6)","decl":{"start":{"line":14,"column":0},"end":{"line":null,"column":-1}},"loc":{"start":{"line":14,"column":0},"end":{"line":14,"column":-1}}},"1":{"name":"Tile","decl":{"start":{"line":20,"column":4},"end":{"line":20,"column":15}},"loc":{"start":{"line":20,"column":33},"end":{"line":28,"column":5}}},"2":{"name":"(anonymous_8)","decl":{"start":{"line":30,"column":4},"end":{"line":30,"column":32}},"loc":{"start":{"line":30,"column":53},"end":{"line":32,"column":5}}},"3":{"name":"(anonymous_9)","decl":{"start":{"line":34,"column":4},"end":{"line":null,"column":-1}},"loc":{"start":{"line":34,"column":4},"end":{"line":86,"column":5}}},"4":{"name":"(anonymous_10)","decl":{"start":{"line":88,"column":4},"end":{"line":88,"column":20}},"loc":{"start":{"line":88,"column":23},"end":{"line":96,"column":5}}},"5":{"name":"(anonymous_11)","decl":{"start":{"line":93,"column":19},"end":{"line":93,"column":24}},"loc":{"start":{"line":93,"column":19},"end":{"line":93,"column":64}}}},"branchMap":{"0":{"loc":{"start":{"line":21,"column":8},"end":{"line":21,"column":20}},"type":"binary-expr","locations":[{"start":{"line":21,"column":8},"end":{"line":21,"column":20}},{"start":{"line":21,"column":20},"end":{"line":28,"column":4}}]},"1":{"loc":{"start":{"line":31,"column":15},"end":{"line":31,"column":39}},"type":"binary-expr","locations":[{"start":{"line":31,"column":15},"end":{"line":31,"column":39}},{"start":{"line":31,"column":43},"end":{"line":31,"column":67}}]},"2":{"loc":{"start":{"line":36,"column":55},"end":{"line":36,"column":86}},"type":"cond-expr","locations":[{"start":{"line":36,"column":55},"end":{"line":36,"column":86}},{"start":{"line":36,"column":89},"end":{"line":36,"column":91}}]},"3":{"loc":{"start":{"line":37,"column":50},"end":{"line":37,"column":67}},"type":"cond-expr","locations":[{"start":{"line":37,"column":50},"end":{"line":37,"column":67}},{"start":{"line":37,"column":70},"end":{"line":37,"column":72}}]},"4":{"loc":{"start":{"line":38,"column":50},"end":{"line":38,"column":84}},"type":"cond-expr","locations":[{"start":{"line":38,"column":50},"end":{"line":38,"column":84}},{"start":{"line":38,"column":87},"end":{"line":38,"column":89}}]},"5":{"loc":{"start":{"line":42,"column":8},"end":{"line":48,"column":9}},"type":"if","locations":[{"start":{"line":42,"column":8},"end":{"line":48,"column":9}},{"start":{"line":42,"column":8},"end":{"line":48,"column":9}}]},"6":{"loc":{"start":{"line":52,"column":8},"end":{"line":69,"column":9}},"type":"if","locations":[{"start":{"line":52,"column":8},"end":{"line":69,"column":9}},{"start":{"line":52,"column":8},"end":{"line":69,"column":9}}]},"7":{"loc":{"start":{"line":62,"column":12},"end":{"line":68,"column":13}},"type":"if","locations":[{"start":{"line":62,"column":12},"end":{"line":68,"column":13}},{"start":{"line":62,"column":12},"end":{"line":68,"column":13}}]},"8":{"loc":{"start":{"line":71,"column":33},"end":{"line":71,"column":99}},"type":"cond-expr","locations":[{"start":{"line":71,"column":33},"end":{"line":71,"column":99}},{"start":{"line":71,"column":102},"end":{"line":71,"column":104}}]}},"s":{"0":4,"1":4,"2":4,"3":13,"4":13,"5":13,"6":13,"7":4,"8":6,"9":4,"10":19,"11":19,"12":19,"13":19,"14":19,"15":19,"16":13,"17":13,"18":13,"19":19,"20":6,"21":6,"22":6,"23":6,"24":3,"25":3,"26":3,"27":3,"28":3,"29":19,"30":19,"31":4,"32":3,"33":3,"34":3,"35":3,"36":3,"37":3,"38":4},"f":{"0":4,"1":13,"2":6,"3":19,"4":3,"5":3},"b":{"0":[13,13],"1":[6,6],"2":[15,4],"3":[15,4],"4":[15,4],"5":[13,6],"6":[6,13],"7":[3,3],"8":[6,13]}}
,"C:\\Users\\Jakub\\DurasME\\app\\Tile\\index.ts": {"path":"C:\\Users\\Jakub\\DurasME\\app\\Tile\\index.ts","statementMap":{"0":{"start":{"line":1,"column":0},"end":{"line":1,"column":25}},"1":{"start":{"line":3,"column":0},"end":{"line":3,"column":20}}},"fnMap":{},"branchMap":{},"s":{"0":4,"1":4},"f":{},"b":{}}
,"C:\\Users\\Jakub\\DurasME\\testing\\mockProjects.ts": {"path":"C:\\Users\\Jakub\\DurasME\\testing\\mockProjects.ts","statementMap":{"0":{"start":{"line":1,"column":22},"end":{"line":54,"column":1}},"1":{"start":{"line":56,"column":0},"end":{"line":56,"column":28}}},"fnMap":{},"branchMap":{},"s":{"0":5,"1":5},"f":{},"b":{}}
}
