TN:
SF:C:\Users\Jakub\DurasME\app\Projects.ts
FNF:0
FNH:0
DA:1,3
DA:24,3
LF:2
LH:2
BRF:0
BRH:0
end_of_record
TN:
SF:C:\Users\Jakub\DurasME\app\app.tsx
FNF:0
FNH:0
DA:1,1
DA:2,1
DA:4,1
DA:5,1
DA:7,1
DA:9,1
DA:11,1
LF:7
LH:7
BRF:0
BRH:0
end_of_record
TN:
SF:C:\Users\Jakub\DurasME\app\Detail\Detail.tsx
FN:13,(anonymous_7)
FN:17,Detail
FN:25,(anonymous_9)
FN:32,(anonymous_10)
FN:39,(anonymous_11)
FN:46,(anonymous_12)
FN:49,(anonymous_13)
FN:53,(anonymous_14)
FN:57,(anonymous_15)
FN:71,(anonymous_16)
FN:118,(anonymous_17)
FNF:11
FNH:10
FNDA:3,(anonymous_7)
FNDA:8,Detail
FNDA:8,(anonymous_9)
FNDA:0,(anonymous_10)
FNDA:2,(anonymous_11)
FNDA:2,(anonymous_12)
FNDA:3,(anonymous_13)
FNDA:11,(anonymous_14)
FNDA:30,(anonymous_15)
FNDA:20,(anonymous_16)
FNDA:3,(anonymous_17)
DA:1,3
DA:2,3
DA:4,3
DA:13,3
DA:18,8
DA:20,8
DA:22,8
DA:25,3
DA:26,8
DA:28,8
DA:32,0
DA:39,3
DA:45,2
DA:46,2
DA:49,3
DA:50,3
DA:53,3
DA:54,11
DA:55,11
DA:57,30
DA:60,11
DA:63,11
DA:68,11
DA:69,11
DA:71,20
DA:78,11
DA:85,11
DA:118,3
DA:119,3
DA:121,3
DA:123,3
LF:31
LH:30
BRDA:18,0,0,8
BRDA:18,0,1,8
BRDA:50,1,0,3
BRDA:50,1,1,3
BRDA:56,2,0,10
BRDA:56,2,1,1
BRDA:61,3,0,10
BRDA:61,3,1,1
BRDA:64,4,0,10
BRDA:64,4,1,1
BRDA:70,5,0,10
BRDA:70,5,1,1
BRDA:79,6,0,11
BRDA:79,6,1,0
BRDA:86,7,0,3
BRDA:86,7,1,8
BRF:16
BRH:15
end_of_record
TN:
SF:C:\Users\Jakub\DurasME\app\Detail\index.ts
FNF:0
FNH:0
DA:1,3
DA:3,3
LF:2
LH:2
BRF:0
BRH:0
end_of_record
TN:
SF:C:\Users\Jakub\DurasME\app\Footer\Footer.tsx
FN:3,(anonymous_6)
FN:4,Footer
FN:8,(anonymous_8)
FNF:3
FNH:3
FNDA:3,(anonymous_6)
FNDA:4,Footer
FNDA:4,(anonymous_8)
DA:1,3
DA:3,3
DA:8,3
DA:9,4
DA:10,4
DA:12,4
DA:43,3
LF:7
LH:7
BRDA:5,0,0,4
BRDA:5,0,1,4
BRF:2
BRH:2
end_of_record
TN:
SF:C:\Users\Jakub\DurasME\app\Footer\index.ts
FNF:0
FNH:0
DA:1,3
DA:3,3
LF:2
LH:2
BRF:0
BRH:0
end_of_record
TN:
SF:C:\Users\Jakub\DurasME\app\Intro\Intro.tsx
FN:5,(anonymous_7)
FN:6,Intro
FN:10,(anonymous_9)
FNF:3
FNH:3
FNDA:3,(anonymous_7)
FNDA:2,Intro
FNDA:2,(anonymous_9)
DA:1,3
DA:3,3
DA:5,3
DA:10,3
DA:11,2
DA:21,3
LF:6
LH:6
BRDA:7,0,0,2
BRDA:7,0,1,2
BRF:2
BRH:2
end_of_record
TN:
SF:C:\Users\Jakub\DurasME\app\Intro\index.ts
FNF:0
FNH:0
DA:1,3
DA:3,3
LF:2
LH:2
BRF:0
BRH:0
end_of_record
TN:
SF:C:\Users\Jakub\DurasME\app\List\List.tsx
FN:6,(anonymous_7)
FN:14,List
FN:18,(anonymous_9)
FN:20,(anonymous_10)
FN:25,(anonymous_11)
FN:59,(anonymous_12)
FN:81,(anonymous_13)
FNF:7
FNH:7
FNDA:3,(anonymous_7)
FNDA:7,List
FNDA:7,(anonymous_9)
FNDA:28,(anonymous_10)
FNDA:28,(anonymous_11)
FNDA:22,(anonymous_12)
FNDA:2,(anonymous_13)
DA:1,3
DA:4,3
DA:6,3
DA:18,7
DA:19,7
DA:20,28
DA:24,7
DA:25,28
DA:30,7
DA:32,7
DA:34,7
DA:59,3
DA:60,22
DA:61,22
DA:63,22
DA:81,3
DA:82,2
DA:84,3
LF:18
LH:18
BRDA:15,0,0,7
BRDA:15,0,1,7
BRDA:20,1,0,28
BRDA:20,1,1,14
BRDA:20,1,2,7
BRDA:25,2,0,28
BRDA:25,2,1,14
BRDA:25,2,2,7
BRDA:30,3,0,4
BRDA:30,3,1,3
BRDA:32,4,0,4
BRDA:32,4,1,3
BRDA:60,5,0,22
BRDA:60,5,1,22
BRF:14
BRH:14
end_of_record
TN:
SF:C:\Users\Jakub\DurasME\app\List\index.ts
FNF:0
FNH:0
DA:1,3
DA:3,3
LF:2
LH:2
BRF:0
BRH:0
end_of_record
TN:
SF:C:\Users\Jakub\DurasME\app\Me\Me.tsx
FN:17,(anonymous_8)
FN:24,Me
FN:36,(anonymous_10)
FN:40,(anonymous_11)
FN:44,(anonymous_12)
FN:48,(anonymous_13)
FN:76,(anonymous_14)
FN:80,(anonymous_15)
FN:106,(anonymous_16)
FN:112,(anonymous_17)
FN:113,(anonymous_18)
FN:116,(anonymous_19)
FN:128,(anonymous_20)
FN:129,(anonymous_21)
FN:139,(anonymous_22)
FNF:15
FNH:14
FNDA:2,(anonymous_8)
FNDA:6,Me
FNDA:6,(anonymous_10)
FNDA:1,(anonymous_11)
FNDA:1,(anonymous_12)
FNDA:7,(anonymous_13)
FNDA:8,(anonymous_14)
FNDA:13,(anonymous_15)
FNDA:8,(anonymous_16)
FNDA:4,(anonymous_17)
FNDA:4,(anonymous_18)
FNDA:0,(anonymous_19)
FNDA:1,(anonymous_20)
FNDA:1,(anonymous_21)
FNDA:2,(anonymous_22)
DA:1,2
DA:3,2
DA:4,2
DA:5,2
DA:6,2
DA:8,2
DA:17,2
DA:25,6
DA:27,6
DA:28,6
DA:29,6
DA:30,6
DA:31,6
DA:33,6
DA:36,2
DA:37,6
DA:40,2
DA:41,1
DA:44,2
DA:45,1
DA:48,2
DA:49,7
DA:65,7
DA:76,10
DA:77,8
DA:79,8
DA:80,13
DA:82,7
DA:83,2
DA:84,2
DA:88,8
DA:89,6
DA:96,2
DA:97,1
DA:106,2
DA:107,8
DA:109,8
DA:112,4
DA:113,4
DA:116,2
DA:117,0
DA:118,0
DA:122,0
DA:128,2
DA:129,1
DA:131,1
DA:136,1
DA:139,2
DA:140,2
DA:141,1
DA:143,1
DA:144,1
DA:147,2
LF:53
LH:50
BRDA:25,0,0,6
BRDA:25,0,1,6
BRDA:45,1,0,1
BRDA:45,1,1,1
BRDA:50,2,0,3
BRDA:50,2,1,4
BRDA:67,3,0,3
BRDA:67,3,1,4
BRDA:76,4,0,2
BRDA:76,4,1,6
BRDA:79,5,0,7
BRDA:79,5,1,1
BRDA:82,6,0,2
BRDA:82,6,1,5
BRDA:88,7,0,6
BRDA:88,7,1,2
BRDA:96,8,0,1
BRDA:96,8,1,1
BRDA:100,9,0,1
BRDA:100,9,1,1
BRDA:109,10,0,7
BRDA:109,10,1,1
BRDA:117,11,0,0
BRDA:117,11,1,0
BRDA:140,12,0,1
BRDA:140,12,1,1
BRF:26
BRH:24
end_of_record
TN:
SF:C:\Users\Jakub\DurasME\app\Me\index.ts
FNF:0
FNH:0
DA:1,2
DA:3,2
LF:2
LH:2
BRF:0
BRH:0
end_of_record
TN:
SF:C:\Users\Jakub\DurasME\app\Tile\Tile.tsx
FN:14,(anonymous_6)
FN:20,Tile
FN:30,(anonymous_8)
FN:34,(anonymous_9)
FN:88,(anonymous_10)
FN:93,(anonymous_11)
FNF:6
FNH:6
FNDA:4,(anonymous_6)
FNDA:13,Tile
FNDA:6,(anonymous_8)
FNDA:19,(anonymous_9)
FNDA:3,(anonymous_10)
FNDA:3,(anonymous_11)
DA:1,4
DA:14,4
DA:21,13
DA:23,13
DA:26,13
DA:27,13
DA:30,4
DA:31,6
DA:34,4
DA:35,19
DA:36,19
DA:37,19
DA:38,19
DA:39,19
DA:42,19
DA:43,13
DA:44,13
DA:47,13
DA:52,19
DA:53,6
DA:54,6
DA:55,6
DA:62,6
DA:63,3
DA:64,3
DA:65,3
DA:66,3
DA:67,3
DA:71,19
DA:73,19
DA:88,4
DA:89,3
DA:91,3
DA:93,3
DA:95,3
DA:97,4
LF:36
LH:36
BRDA:21,0,0,13
BRDA:21,0,1,13
BRDA:31,1,0,6
BRDA:31,1,1,6
BRDA:36,2,0,15
BRDA:36,2,1,4
BRDA:37,3,0,15
BRDA:37,3,1,4
BRDA:38,4,0,15
BRDA:38,4,1,4
BRDA:42,5,0,13
BRDA:42,5,1,6
BRDA:52,6,0,6
BRDA:52,6,1,13
BRDA:62,7,0,3
BRDA:62,7,1,3
BRDA:71,8,0,6
BRDA:71,8,1,13
BRF:18
BRH:18
end_of_record
TN:
SF:C:\Users\Jakub\DurasME\app\Tile\index.ts
FNF:0
FNH:0
DA:1,4
DA:3,4
LF:2
LH:2
BRF:0
BRH:0
end_of_record
TN:
SF:C:\Users\Jakub\DurasME\testing\mockProjects.ts
FNF:0
FNH:0
DA:1,5
DA:56,5
LF:2
LH:2
BRF:0
BRH:0
end_of_record
